Arguments: 
  /Users/mark/.nvm/versions/node/v14.16.1/bin/node /Users/mark/.nvm/versions/node/v14.16.1/bin/yarn

PATH: 
  /Users/mark/Downloads/google-cloud-sdk/bin:/usr/local/opt/php@7.2/bin:/Users/mark/.nvm/versions/node/v14.16.1/bin:/opt/homebrew/bin:/opt/homebrew/sbin:/usr/local/bin:/System/Cryptexes/App/usr/bin:/usr/bin:/bin:/usr/sbin:/sbin

Yarn version: 
  1.22.19

Node version: 
  14.16.1

Platform: 
  darwin x64

Trace: 
  Error: incorrect data check
      at Zlib.zlibOnError [as onerror] (zlib.js:181:17)

npm manifest: 
  {
    "name": "kinihost-cli",
    "version": "0.0.3",
    "description": "CLI package for Kinisite Site Builder",
    "scripts": {
      "build": "tsc -p .",
      "test": "jasmine-ts --config=jasmine.json",
      "publish-cli": "npm run build; bump patch; npm publish"
    },
    "dependencies": {
      "chalk": "^2.4.2",
      "cli-progress": "^3.3.1",
      "commander": "^2.20.0",
      "fs-extra": "^8.1.0",
      "getmac": "^5.17.0",
      "inquirer": "^6.4.1",
      "js-sha512": "^0.8.0",
      "jsonschema": "^1.2.6",
      "md5": "^2.3.0",
      "path": "^0.12.7",
      "rimraf": "^3.0.0",
      "sync-request": "^6.1.0",
      "then-request": "^6.0.2"
    },
    "devDependencies": {
      "@types/jasmine": "^3.3.13",
      "@types/node": "^12.0.8",
      "jasmine": "^3.6.1",
      "jasmine-ts": "^0.3.0",
      "nodemon": "^1.19.1",
      "nyc": "^14.1.1",
      "ts-node": "^8.3.0",
      "typescript": "^3.5.2",
      "version-bump-prompt": "^6.0.6"
    }
  }

yarn manifest: 
  No manifest

Lockfile: 
  No lockfile
